#
# A fatal error has been detected by the Java Runtime Environment:
#
#  EXCEPTION_ACCESS_VIOLATION (0xc0000005) at pc=0x00007ffa98753fe0, pid=2080, tid=2496
#
# JRE version: Java(TM) SE Runtime Environment 18.9 (11.0.17+10) (build 11.0.17+10-LTS-269)
# Java VM: Java HotSpot(TM) 64-Bit Server VM 18.9 (11.0.17+10-LTS-269, mixed mode, tiered, compressed oops, g1 gc, windows-amd64)
# Problematic frame:
# C  [atio6axx.dll+0x1bc3fe0]
#
# No core dump will be written. Minidumps are not enabled by default on client versions of Windows
#
# If you would like to submit a bug report, please visit:
#   https://bugreport.java.com/bugreport/crash.jsp
# The crash happened outside the Java Virtual Machine in native code.
# See problematic frame for where to report the bug.
#

---------------  S U M M A R Y ------------

Command Line: -ea -javaagent:C:\Program Files\JetBrains\IntelliJ IDEA 2023.1\lib\idea_rt.jar=50205:C:\Program Files\JetBrains\IntelliJ IDEA 2023.1\bin -Dfile.encoding=UTF-8 Main

Host: AMD Ryzen 5 5500U with Radeon Graphics         , 12 cores, 14G,  Windows 11 , 64 bit Build 22621 (10.0.22621.1928)
Time: Sat Jul 29 20:16:37 2023  Windows 11 , 64 bit Build 22621 (10.0.22621.1928) elapsed time: 1.297268 seconds (0d 0h 0m 1s)

---------------  T H R E A D  ---------------

Current thread (0x000001c6dbd2f800):  JavaThread "main" [_thread_in_native, id=2496, stack(0x0000005b0ba00000,0x0000005b0bb00000)]

Stack: [0x0000005b0ba00000,0x0000005b0bb00000],  sp=0x0000005b0bafe868,  free space=1018k
Native frames: (J=compiled Java code, j=interpreted, Vv=VM code, C=native code)
C  [atio6axx.dll+0x1bc3fe0]

Java frames: (J=compiled Java code, j=interpreted, Vv=VM code)
j  org.lwjgl.opengl.GL11C.nglTexImage2D(IIIIIIIIJ)V+0
j  org.lwjgl.opengl.GL11C.glTexImage2D(IIIIIIIILjava/nio/ByteBuffer;)V+17
j  org.lwjgl.opengl.GL11.glTexImage2D(IIIIIIIILjava/nio/ByteBuffer;)V+14
j  Renderer.Texture.<init>(Ljava/lang/String;)V+132
j  jade.LevelEditorScene.init()V+45
j  jade.Window.changeScene(I)V+41
j  jade.Window.init()V+162
j  jade.Window.run()V+15
j  Main.main([Ljava/lang/String;)V+5
v  ~StubRoutines::call_stub

siginfo: EXCEPTION_ACCESS_VIOLATION (0xc0000005), reading address 0x000001c6892b1150


Register to memory mapping:

RIP=0x00007ffa98753fe0 atio6axx.dll
RAX=0x000001c689b7d040 points into unknown readable memory: 0x0000000000000000 | 00 00 00 00 00 00 00 00
RBX=0x000001c681212640 points into unknown readable memory: 0x000002ee00000001 | 01 00 00 00 ee 02 00 00
RCX=0x000001c689b7d040 points into unknown readable memory: 0x0000000000000000 | 00 00 00 00 00 00 00 00
RDX=0x000001c68917c020 points into unknown readable memory: 0x171111150f0e120c | 0c 12 0e 0f 15 11 11 17
RSP=0x0000005b0bafe868 is pointing into the stack for thread: 0x000001c6dbd2f800
RBP=0x0000000000000bb8 is an unknown value
RSI=0x000001c6fedb3b28 points into unknown readable memory: 0x0000000000135150 | 50 51 13 00 00 00 00 00
RDI=0x0000000000135150 is an unknown value
R8 =0x0000000000135150 is an unknown value
R9 =0x000001c6892b1170 is an unknown value
R10=0x00007ffa96b90000 atio6axx.dll
R11=0x0000000000000246 is an unknown value
R12=0x0000005b0bafe9d0 is pointing into the stack for thread: 0x000001c6dbd2f800
R13=0x000001c68917c020 points into unknown readable memory: 0x171111150f0e120c | 0c 12 0e 0f 15 11 11 17
R14=0x000001c6fedb3b28 points into unknown readable memory: 0x0000000000135150 | 50 51 13 00 00 00 00 00
R15=0x0000000000000bb8 is an unknown value


Registers:
RAX=0x000001c689b7d040, RBX=0x000001c681212640, RCX=0x000001c689b7d040, RDX=0x000001c68917c020
RSP=0x0000005b0bafe868, RBP=0x0000000000000bb8, RSI=0x000001c6fedb3b28, RDI=0x0000000000135150
R8 =0x0000000000135150, R9 =0x000001c6892b1170, R10=0x00007ffa96b90000, R11=0x0000000000000246
R12=0x0000005b0bafe9d0, R13=0x000001c68917c020, R14=0x000001c6fedb3b28, R15=0x0000000000000bb8
RIP=0x00007ffa98753fe0, EFLAGS=0x0000000000010246

Top of Stack: (sp=0x0000005b0bafe868)
0x0000005b0bafe868:   00007ffa97fe5940 000001c6d99a0000
0x0000005b0bafe878:   00007ffa00000003 000001c6812cd5d0
0x0000005b0bafe888:   000001c6815d2f28 00007ffa9965c6d8
0x0000005b0bafe898:   0000000000000854 000001c6817d3eb0
0x0000005b0bafe8a8:   000001c6812cd5d0 000001c6812cd5d0
0x0000005b0bafe8b8:   0000005b0bafeae8 00000000000001a6
0x0000005b0bafe8c8:   0000000000000000 0000000000000001
0x0000005b0bafe8d8:   000001c6812cd5d0 000001c6815aa240
0x0000005b0bafe8e8:   00007ffa97f6f7fc 000001c681212601
0x0000005b0bafe8f8:   000001c6815aa240 000001c6864d1920
0x0000005b0bafe908:   3f8000003f800000 0000000000000001
0x0000005b0bafe918:   0000000000000000 3f80000000000036
0x0000005b0bafe928:   3f8000003f800000 000001c68917c020
0x0000005b0bafe938:   000001c600000001 0000000000000000
0x0000005b0bafe948:   0000000000000000 000001c600000bb8
0x0000005b0bafe958:   0000000000000000 0000005b00000000 

Instructions: (pc=0x00007ffa98753fe0)
0x00007ffa98753fc0:   00 20 00 00 76 16 49 81 f8 00 00 18 00 77 0d f6
0x00007ffa98753fd0:   05 d2 79 00 01 02 0f 85 64 fe ff ff c5 fe 6f 02
0x00007ffa98753fe0:   c4 a1 7e 6f 6c 02 e0 49 81 f8 00 01 00 00 0f 86
0x00007ffa98753ff0:   c4 00 00 00 4c 8b c9 49 83 e1 1f 49 83 e9 20 49 


Stack slot to memory mapping:
stack at sp + 0 slots: 0x00007ffa97fe5940 atio6axx.dll
stack at sp + 1 slots: 0x000001c6d99a0000 points into unknown readable memory: 0x0000000000000000 | 00 00 00 00 00 00 00 00
stack at sp + 2 slots: 0x00007ffa00000003 is an unknown value
stack at sp + 3 slots: 0x000001c6812cd5d0 points into unknown readable memory: 0x00007ffa9939bda0 | a0 bd 39 99 fa 7f 00 00
stack at sp + 4 slots: 0x000001c6815d2f28 points into unknown readable memory: 0x0000000000000000 | 00 00 00 00 00 00 00 00
stack at sp + 5 slots: 0x00007ffa9965c6d8 atio6axx.dll
stack at sp + 6 slots: 0x0000000000000854 is an unknown value
stack at sp + 7 slots: 0x000001c6817d3eb0 points into unknown readable memory: 0x000001c681752c00 | 00 2c 75 81 c6 01 00 00


---------------  P R O C E S S  ---------------

Threads class SMR info:
_java_thread_list=0x000001c6ff39f8e0, length=11, elements={
0x000001c6dbd2f800, 0x000001c6fe3e1000, 0x000001c6fe3ea000, 0x000001c6feccf800,
0x000001c6fecd2000, 0x000001c6fecd3000, 0x000001c6fecd4800, 0x000001c6fecd6800,
0x000001c6fecd9800, 0x000001c6fee51000, 0x000001c6ff0c9000
}

Java Threads: ( => current thread )
=>0x000001c6dbd2f800 JavaThread "main" [_thread_in_native, id=2496, stack(0x0000005b0ba00000,0x0000005b0bb00000)]
  0x000001c6fe3e1000 JavaThread "Reference Handler" daemon [_thread_blocked, id=8556, stack(0x0000005b0c100000,0x0000005b0c200000)]
  0x000001c6fe3ea000 JavaThread "Finalizer" daemon [_thread_blocked, id=10612, stack(0x0000005b0c200000,0x0000005b0c300000)]
  0x000001c6feccf800 JavaThread "Signal Dispatcher" daemon [_thread_blocked, id=4228, stack(0x0000005b0c300000,0x0000005b0c400000)]
  0x000001c6fecd2000 JavaThread "Attach Listener" daemon [_thread_blocked, id=6264, stack(0x0000005b0c400000,0x0000005b0c500000)]
  0x000001c6fecd3000 JavaThread "Service Thread" daemon [_thread_blocked, id=5628, stack(0x0000005b0c500000,0x0000005b0c600000)]
  0x000001c6fecd4800 JavaThread "C2 CompilerThread0" daemon [_thread_blocked, id=14220, stack(0x0000005b0c600000,0x0000005b0c700000)]
  0x000001c6fecd6800 JavaThread "C1 CompilerThread0" daemon [_thread_blocked, id=2456, stack(0x0000005b0c700000,0x0000005b0c800000)]
  0x000001c6fecd9800 JavaThread "Sweeper thread" daemon [_thread_blocked, id=15264, stack(0x0000005b0c800000,0x0000005b0c900000)]
  0x000001c6fee51000 JavaThread "Common-Cleaner" daemon [_thread_blocked, id=6952, stack(0x0000005b0c900000,0x0000005b0ca00000)]
  0x000001c6ff0c9000 JavaThread "Monitor Ctrl-Break" daemon [_thread_in_native, id=15784, stack(0x0000005b0cb00000,0x0000005b0cc00000)]

Other Threads:
  0x000001c6fe3ba000 VMThread "VM Thread" [stack: 0x0000005b0c000000,0x0000005b0c100000] [id=1404]
  0x000001c6ff0cb800 WatcherThread [stack: 0x0000005b0cc00000,0x0000005b0cd00000] [id=16240]
  0x000001c6dbd44000 GCTaskThread "GC Thread#0" [stack: 0x0000005b0bb00000,0x0000005b0bc00000] [id=14892]
  0x000001c6dbd9a000 ConcurrentGCThread "G1 Main Marker" [stack: 0x0000005b0bc00000,0x0000005b0bd00000] [id=6920]
  0x000001c6dbd9c000 ConcurrentGCThread "G1 Conc#0" [stack: 0x0000005b0bd00000,0x0000005b0be00000] [id=12780]
  0x000001c6fe29a000 ConcurrentGCThread "G1 Refine#0" [stack: 0x0000005b0be00000,0x0000005b0bf00000] [id=5452]
  0x000001c6fe29d000 ConcurrentGCThread "G1 Young RemSet Sampling" [stack: 0x0000005b0bf00000,0x0000005b0c000000] [id=5188]

Threads with active compile tasks:

VM state:not at safepoint (normal execution)

VM Mutex/Monitor currently owned by a thread: None

Heap address: 0x0000000712c00000, size: 3796 MB, Compressed Oops mode: Zero based, Oop shift amount: 3
Narrow klass base: 0x0000000800000000, Narrow klass shift: 0
Compressed class space size: 1073741824 Address: 0x0000000800000000

Heap:
 garbage-first heap   total 243712K, used 16384K [0x0000000712c00000, 0x0000000800000000)
  region size 1024K, 18 young (18432K), 0 survivors (0K)
 Metaspace       used 13358K, capacity 13589K, committed 13952K, reserved 1062912K
  class space    used 978K, capacity 1032K, committed 1152K, reserved 1048576K
Heap Regions: E=young(eden), S=young(survivor), O=old, HS=humongous(starts), HC=humongous(continues), CS=collection set, F=free, A=archive, TAMS=top-at-mark-start (previous, next)
|   0|0x0000000712c00000, 0x0000000712c00000, 0x0000000712d00000|  0%| F|  |TAMS 0x0000000712c00000, 0x0000000712c00000| Untracked 
|   1|0x0000000712d00000, 0x0000000712d00000, 0x0000000712e00000|  0%| F|  |TAMS 0x0000000712d00000, 0x0000000712d00000| Untracked 
|   2|0x0000000712e00000, 0x0000000712e00000, 0x0000000712f00000|  0%| F|  |TAMS 0x0000000712e00000, 0x0000000712e00000| Untracked 
|   3|0x0000000712f00000, 0x0000000712f00000, 0x0000000713000000|  0%| F|  |TAMS 0x0000000712f00000, 0x0000000712f00000| Untracked 
|   4|0x0000000713000000, 0x0000000713000000, 0x0000000713100000|  0%| F|  |TAMS 0x0000000713000000, 0x0000000713000000| Untracked 
|   5|0x0000000713100000, 0x0000000713100000, 0x0000000713200000|  0%| F|  |TAMS 0x0000000713100000, 0x0000000713100000| Untracked 
|   6|0x0000000713200000, 0x0000000713200000, 0x0000000713300000|  0%| F|  |TAMS 0x0000000713200000, 0x0000000713200000| Untracked 
|   7|0x0000000713300000, 0x0000000713300000, 0x0000000713400000|  0%| F|  |TAMS 0x0000000713300000, 0x0000000713300000| Untracked 
|   8|0x0000000713400000, 0x0000000713400000, 0x0000000713500000|  0%| F|  |TAMS 0x0000000713400000, 0x0000000713400000| Untracked 
|   9|0x0000000713500000, 0x0000000713500000, 0x0000000713600000|  0%| F|  |TAMS 0x0000000713500000, 0x0000000713500000| Untracked 
|  10|0x0000000713600000, 0x0000000713600000, 0x0000000713700000|  0%| F|  |TAMS 0x0000000713600000, 0x0000000713600000| Untracked 
|  11|0x0000000713700000, 0x0000000713700000, 0x0000000713800000|  0%| F|  |TAMS 0x0000000713700000, 0x0000000713700000| Untracked 
|  12|0x0000000713800000, 0x0000000713800000, 0x0000000713900000|  0%| F|  |TAMS 0x0000000713800000, 0x0000000713800000| Untracked 
|  13|0x0000000713900000, 0x0000000713900000, 0x0000000713a00000|  0%| F|  |TAMS 0x0000000713900000, 0x0000000713900000| Untracked 
|  14|0x0000000713a00000, 0x0000000713a00000, 0x0000000713b00000|  0%| F|  |TAMS 0x0000000713a00000, 0x0000000713a00000| Untracked 
|  15|0x0000000713b00000, 0x0000000713b00000, 0x0000000713c00000|  0%| F|  |TAMS 0x0000000713b00000, 0x0000000713b00000| Untracked 
|  16|0x0000000713c00000, 0x0000000713c00000, 0x0000000713d00000|  0%| F|  |TAMS 0x0000000713c00000, 0x0000000713c00000| Untracked 
|  17|0x0000000713d00000, 0x0000000713d00000, 0x0000000713e00000|  0%| F|  |TAMS 0x0000000713d00000, 0x0000000713d00000| Untracked 
|  18|0x0000000713e00000, 0x0000000713e00000, 0x0000000713f00000|  0%| F|  |TAMS 0x0000000713e00000, 0x0000000713e00000| Untracked 
|  19|0x0000000713f00000, 0x0000000713f00000, 0x0000000714000000|  0%| F|  |TAMS 0x0000000713f00000, 0x0000000713f00000| Untracked 
|  20|0x0000000714000000, 0x0000000714000000, 0x0000000714100000|  0%| F|  |TAMS 0x0000000714000000, 0x0000000714000000| Untracked 
|  21|0x0000000714100000, 0x0000000714100000, 0x0000000714200000|  0%| F|  |TAMS 0x0000000714100000, 0x0000000714100000| Untracked 
|  22|0x0000000714200000, 0x0000000714200000, 0x0000000714300000|  0%| F|  |TAMS 0x0000000714200000, 0x0000000714200000| Untracked 
|  23|0x0000000714300000, 0x0000000714300000, 0x0000000714400000|  0%| F|  |TAMS 0x0000000714300000, 0x0000000714300000| Untracked 
|  24|0x0000000714400000, 0x0000000714400000, 0x0000000714500000|  0%| F|  |TAMS 0x0000000714400000, 0x0000000714400000| Untracked 
|  25|0x0000000714500000, 0x0000000714500000, 0x0000000714600000|  0%| F|  |TAMS 0x0000000714500000, 0x0000000714500000| Untracked 
|  26|0x0000000714600000, 0x0000000714600000, 0x0000000714700000|  0%| F|  |TAMS 0x0000000714600000, 0x0000000714600000| Untracked 
|  27|0x0000000714700000, 0x0000000714700000, 0x0000000714800000|  0%| F|  |TAMS 0x0000000714700000, 0x0000000714700000| Untracked 
|  28|0x0000000714800000, 0x0000000714800000, 0x0000000714900000|  0%| F|  |TAMS 0x0000000714800000, 0x0000000714800000| Untracked 
|  29|0x0000000714900000, 0x0000000714900000, 0x0000000714a00000|  0%| F|  |TAMS 0x0000000714900000, 0x0000000714900000| Untracked 
|  30|0x0000000714a00000, 0x0000000714a00000, 0x0000000714b00000|  0%| F|  |TAMS 0x0000000714a00000, 0x0000000714a00000| Untracked 
|  31|0x0000000714b00000, 0x0000000714b00000, 0x0000000714c00000|  0%| F|  |TAMS 0x0000000714b00000, 0x0000000714b00000| Untracked 
|  32|0x0000000714c00000, 0x0000000714c00000, 0x0000000714d00000|  0%| F|  |TAMS 0x0000000714c00000, 0x0000000714c00000| Untracked 
|  33|0x0000000714d00000, 0x0000000714d00000, 0x0000000714e00000|  0%| F|  |TAMS 0x0000000714d00000, 0x0000000714d00000| Untracked 
|  34|0x0000000714e00000, 0x0000000714e00000, 0x0000000714f00000|  0%| F|  |TAMS 0x0000000714e00000, 0x0000000714e00000| Untracked 
|  35|0x0000000714f00000, 0x0000000714f00000, 0x0000000715000000|  0%| F|  |TAMS 0x0000000714f00000, 0x0000000714f00000| Untracked 
|  36|0x0000000715000000, 0x0000000715000000, 0x0000000715100000|  0%| F|  |TAMS 0x0000000715000000, 0x0000000715000000| Untracked 
|  37|0x0000000715100000, 0x0000000715100000, 0x0000000715200000|  0%| F|  |TAMS 0x0000000715100000, 0x0000000715100000| Untracked 
|  38|0x0000000715200000, 0x0000000715200000, 0x0000000715300000|  0%| F|  |TAMS 0x0000000715200000, 0x0000000715200000| Untracked 
|  39|0x0000000715300000, 0x0000000715300000, 0x0000000715400000|  0%| F|  |TAMS 0x0000000715300000, 0x0000000715300000| Untracked 
|  40|0x0000000715400000, 0x0000000715400000, 0x0000000715500000|  0%| F|  |TAMS 0x0000000715400000, 0x0000000715400000| Untracked 
|  41|0x0000000715500000, 0x0000000715500000, 0x0000000715600000|  0%| F|  |TAMS 0x0000000715500000, 0x0000000715500000| Untracked 
|  42|0x0000000715600000, 0x0000000715600000, 0x0000000715700000|  0%| F|  |TAMS 0x0000000715600000, 0x0000000715600000| Untracked 
|  43|0x0000000715700000, 0x0000000715700000, 0x0000000715800000|  0%| F|  |TAMS 0x0000000715700000, 0x0000000715700000| Untracked 
|  44|0x0000000715800000, 0x0000000715800000, 0x0000000715900000|  0%| F|  |TAMS 0x0000000715800000, 0x0000000715800000| Untracked 
|  45|0x0000000715900000, 0x0000000715900000, 0x0000000715a00000|  0%| F|  |TAMS 0x0000000715900000, 0x0000000715900000| Untracked 
|  46|0x0000000715a00000, 0x0000000715a00000, 0x0000000715b00000|  0%| F|  |TAMS 0x0000000715a00000, 0x0000000715a00000| Untracked 
|  47|0x0000000715b00000, 0x0000000715b00000, 0x0000000715c00000|  0%| F|  |TAMS 0x0000000715b00000, 0x0000000715b00000| Untracked 
|  48|0x0000000715c00000, 0x0000000715c00000, 0x0000000715d00000|  0%| F|  |TAMS 0x0000000715c00000, 0x0000000715c00000| Untracked 
|  49|0x0000000715d00000, 0x0000000715d00000, 0x0000000715e00000|  0%| F|  |TAMS 0x0000000715d00000, 0x0000000715d00000| Untracked 
|  50|0x0000000715e00000, 0x0000000715e00000, 0x0000000715f00000|  0%| F|  |TAMS 0x0000000715e00000, 0x0000000715e00000| Untracked 
|  51|0x0000000715f00000, 0x0000000715f00000, 0x0000000716000000|  0%| F|  |TAMS 0x0000000715f00000, 0x0000000715f00000| Untracked 
|  52|0x0000000716000000, 0x0000000716000000, 0x0000000716100000|  0%| F|  |TAMS 0x0000000716000000, 0x0000000716000000| Untracked 
|  53|0x0000000716100000, 0x0000000716100000, 0x0000000716200000|  0%| F|  |TAMS 0x0000000716100000, 0x0000000716100000| Untracked 
|  54|0x0000000716200000, 0x0000000716200000, 0x0000000716300000|  0%| F|  |TAMS 0x0000000716200000, 0x0000000716200000| Untracked 
|  55|0x0000000716300000, 0x0000000716300000, 0x0000000716400000|  0%| F|  |TAMS 0x0000000716300000, 0x0000000716300000| Untracked 
|  56|0x0000000716400000, 0x0000000716400000, 0x0000000716500000|  0%| F|  |TAMS 0x0000000716400000, 0x0000000716400000| Untracked 
|  57|0x0000000716500000, 0x0000000716500000, 0x0000000716600000|  0%| F|  |TAMS 0x0000000716500000, 0x0000000716500000| Untracked 
|  58|0x0000000716600000, 0x0000000716600000, 0x0000000716700000|  0%| F|  |TAMS 0x0000000716600000, 0x0000000716600000| Untracked 
|  59|0x0000000716700000, 0x0000000716700000, 0x0000000716800000|  0%| F|  |TAMS 0x0000000716700000, 0x0000000716700000| Untracked 
|  60|0x0000000716800000, 0x0000000716800000, 0x0000000716900000|  0%| F|  |TAMS 0x0000000716800000, 0x0000000716800000| Untracked 
|  61|0x0000000716900000, 0x0000000716900000, 0x0000000716a00000|  0%| F|  |TAMS 0x0000000716900000, 0x0000000716900000| Untracked 
|  62|0x0000000716a00000, 0x0000000716a00000, 0x0000000716b00000|  0%| F|  |TAMS 0x0000000716a00000, 0x0000000716a00000| Untracked 
|  63|0x0000000716b00000, 0x0000000716b00000, 0x0000000716c00000|  0%| F|  |TAMS 0x0000000716b00000, 0x0000000716b00000| Untracked 
|  64|0x0000000716c00000, 0x0000000716c00000, 0x0000000716d00000|  0%| F|  |TAMS 0x0000000716c00000, 0x0000000716c00000| Untracked 
|  65|0x0000000716d00000, 0x0000000716d00000, 0x0000000716e00000|  0%| F|  |TAMS 0x0000000716d00000, 0x0000000716d00000| Untracked 
|  66|0x0000000716e00000, 0x0000000716e00000, 0x0000000716f00000|  0%| F|  |TAMS 0x0000000716e00000, 0x0000000716e00000| Untracked 
|  67|0x0000000716f00000, 0x0000000716f00000, 0x0000000717000000|  0%| F|  |TAMS 0x0000000716f00000, 0x0000000716f00000| Untracked 
|  68|0x0000000717000000, 0x0000000717000000, 0x0000000717100000|  0%| F|  |TAMS 0x0000000717000000, 0x0000000717000000| Untracked 
|  69|0x0000000717100000, 0x0000000717100000, 0x0000000717200000|  0%| F|  |TAMS 0x0000000717100000, 0x0000000717100000| Untracked 
|  70|0x0000000717200000, 0x0000000717200000, 0x0000000717300000|  0%| F|  |TAMS 0x0000000717200000, 0x0000000717200000| Untracked 
|  71|0x0000000717300000, 0x0000000717300000, 0x0000000717400000|  0%| F|  |TAMS 0x0000000717300000, 0x0000000717300000| Untracked 
|  72|0x0000000717400000, 0x0000000717400000, 0x0000000717500000|  0%| F|  |TAMS 0x0000000717400000, 0x0000000717400000| Untracked 
|  73|0x0000000717500000, 0x0000000717500000, 0x0000000717600000|  0%| F|  |TAMS 0x0000000717500000, 0x0000000717500000| Untracked 
|  74|0x0000000717600000, 0x0000000717600000, 0x0000000717700000|  0%| F|  |TAMS 0x0000000717600000, 0x0000000717600000| Untracked 
|  75|0x0000000717700000, 0x0000000717700000, 0x0000000717800000|  0%| F|  |TAMS 0x0000000717700000, 0x0000000717700000| Untracked 
|  76|0x0000000717800000, 0x0000000717800000, 0x0000000717900000|  0%| F|  |TAMS 0x0000000717800000, 0x0000000717800000| Untracked 
|  77|0x0000000717900000, 0x0000000717900000, 0x0000000717a00000|  0%| F|  |TAMS 0x0000000717900000, 0x0000000717900000| Untracked 
|  78|0x0000000717a00000, 0x0000000717a00000, 0x0000000717b00000|  0%| F|  |TAMS 0x0000000717a00000, 0x0000000717a00000| Untracked 
|  79|0x0000000717b00000, 0x0000000717b00000, 0x0000000717c00000|  0%| F|  |TAMS 0x0000000717b00000, 0x0000000717b00000| Untracked 
|  80|0x0000000717c00000, 0x0000000717c00000, 0x0000000717d00000|  0%| F|  |TAMS 0x0000000717c00000, 0x0000000717c00000| Untracked 
|  81|0x0000000717d00000, 0x0000000717d00000, 0x0000000717e00000|  0%| F|  |TAMS 0x0000000717d00000, 0x0000000717d00000| Untracked 
|  82|0x0000000717e00000, 0x0000000717e00000, 0x0000000717f00000|  0%| F|  |TAMS 0x0000000717e00000, 0x0000000717e00000| Untracked 
|  83|0x0000000717f00000, 0x0000000717f00000, 0x0000000718000000|  0%| F|  |TAMS 0x0000000717f00000, 0x0000000717f00000| Untracked 
|  84|0x0000000718000000, 0x0000000718000000, 0x0000000718100000|  0%| F|  |TAMS 0x0000000718000000, 0x0000000718000000| Untracked 
|  85|0x0000000718100000, 0x0000000718100000, 0x0000000718200000|  0%| F|  |TAMS 0x0000000718100000, 0x0000000718100000| Untracked 
|  86|0x0000000718200000, 0x0000000718200000, 0x0000000718300000|  0%| F|  |TAMS 0x0000000718200000, 0x0000000718200000| Untracked 
|  87|0x0000000718300000, 0x0000000718300000, 0x0000000718400000|  0%| F|  |TAMS 0x0000000718300000, 0x0000000718300000| Untracked 
|  88|0x0000000718400000, 0x0000000718400000, 0x0000000718500000|  0%| F|  |TAMS 0x0000000718400000, 0x0000000718400000| Untracked 
|  89|0x0000000718500000, 0x0000000718500000, 0x0000000718600000|  0%| F|  |TAMS 0x0000000718500000, 0x0000000718500000| Untracked 
|  90|0x0000000718600000, 0x0000000718600000, 0x0000000718700000|  0%| F|  |TAMS 0x0000000718600000, 0x0000000718600000| Untracked 
|  91|0x0000000718700000, 0x0000000718700000, 0x0000000718800000|  0%| F|  |TAMS 0x0000000718700000, 0x0000000718700000| Untracked 
|  92|0x0000000718800000, 0x0000000718800000, 0x0000000718900000|  0%| F|  |TAMS 0x0000000718800000, 0x0000000718800000| Untracked 
|  93|0x0000000718900000, 0x0000000718900000, 0x0000000718a00000|  0%| F|  |TAMS 0x0000000718900000, 0x0000000718900000| Untracked 
|  94|0x0000000718a00000, 0x0000000718a00000, 0x0000000718b00000|  0%| F|  |TAMS 0x0000000718a00000, 0x0000000718a00000| Untracked 
|  95|0x0000000718b00000, 0x0000000718b00000, 0x0000000718c00000|  0%| F|  |TAMS 0x0000000718b00000, 0x0000000718b00000| Untracked 
|  96|0x0000000718c00000, 0x0000000718c00000, 0x0000000718d00000|  0%| F|  |TAMS 0x0000000718c00000, 0x0000000718c00000| Untracked 
|  97|0x0000000718d00000, 0x0000000718d00000, 0x0000000718e00000|  0%| F|  |TAMS 0x0000000718d00000, 0x0000000718d00000| Untracked 
|  98|0x0000000718e00000, 0x0000000718e00000, 0x0000000718f00000|  0%| F|  |TAMS 0x0000000718e00000, 0x0000000718e00000| Untracked 
|  99|0x0000000718f00000, 0x0000000718f00000, 0x0000000719000000|  0%| F|  |TAMS 0x0000000718f00000, 0x0000000718f00000| Untracked 
| 100|0x0000000719000000, 0x0000000719000000, 0x0000000719100000|  0%| F|  |TAMS 0x0000000719000000, 0x0000000719000000| Untracked 
| 101|0x0000000719100000, 0x0000000719100000, 0x0000000719200000|  0%| F|  |TAMS 0x0000000719100000, 0x0000000719100000| Untracked 
| 102|0x0000000719200000, 0x0000000719200000, 0x0000000719300000|  0%| F|  |TAMS 0x0000000719200000, 0x0000000719200000| Untracked 
| 103|0x0000000719300000, 0x0000000719300000, 0x0000000719400000|  0%| F|  |TAMS 0x0000000719300000, 0x0000000719300000| Untracked 
| 104|0x0000000719400000, 0x0000000719400000, 0x0000000719500000|  0%| F|  |TAMS 0x0000000719400000, 0x0000000719400000| Untracked 
| 105|0x0000000719500000, 0x0000000719500000, 0x0000000719600000|  0%| F|  |TAMS 0x0000000719500000, 0x0000000719500000| Untracked 
| 106|0x0000000719600000, 0x0000000719600000, 0x0000000719700000|  0%| F|  |TAMS 0x0000000719600000, 0x0000000719600000| Untracked 
| 107|0x0000000719700000, 0x0000000719700000, 0x0000000719800000|  0%| F|  |TAMS 0x0000000719700000, 0x0000000719700000| Untracked 
| 108|0x0000000719800000, 0x0000000719800000, 0x0000000719900000|  0%| F|  |TAMS 0x0000000719800000, 0x0000000719800000| Untracked 
| 109|0x0000000719900000, 0x0000000719900000, 0x0000000719a00000|  0%| F|  |TAMS 0x0000000719900000, 0x0000000719900000| Untracked 
| 110|0x0000000719a00000, 0x0000000719a00000, 0x0000000719b00000|  0%| F|  |TAMS 0x0000000719a00000, 0x0000000719a00000| Untracked 
| 111|0x0000000719b00000, 0x0000000719b00000, 0x0000000719c00000|  0%| F|  |TAMS 0x0000000719b00000, 0x0000000719b00000| Untracked 
| 112|0x0000000719c00000, 0x0000000719c00000, 0x0000000719d00000|  0%| F|  |TAMS 0x0000000719c00000, 0x0000000719c00000| Untracked 
| 113|0x0000000719d00000, 0x0000000719d00000, 0x0000000719e00000|  0%| F|  |TAMS 0x0000000719d00000, 0x0000000719d00000| Untracked 
| 114|0x0000000719e00000, 0x0000000719e00000, 0x0000000719f00000|  0%| F|  |TAMS 0x0000000719e00000, 0x0000000719e00000| Untracked 
| 115|0x0000000719f00000, 0x0000000719f00000, 0x000000071a000000|  0%| F|  |TAMS 0x0000000719f00000, 0x0000000719f00000| Untracked 
| 116|0x000000071a000000, 0x000000071a000000, 0x000000071a100000|  0%| F|  |TAMS 0x000000071a000000, 0x000000071a000000| Untracked 
| 117|0x000000071a100000, 0x000000071a100000, 0x000000071a200000|  0%| F|  |TAMS 0x000000071a100000, 0x000000071a100000| Untracked 
| 118|0x000000071a200000, 0x000000071a200000, 0x000000071a300000|  0%| F|  |TAMS 0x000000071a200000, 0x000000071a200000| Untracked 
| 119|0x000000071a300000, 0x000000071a300000, 0x000000071a400000|  0%| F|  |TAMS 0x000000071a300000, 0x000000071a300000| Untracked 
| 120|0x000000071a400000, 0x000000071a400000, 0x000000071a500000|  0%| F|  |TAMS 0x000000071a400000, 0x000000071a400000| Untracked 
| 121|0x000000071a500000, 0x000000071a500000, 0x000000071a600000|  0%| F|  |TAMS 0x000000071a500000, 0x000000071a500000| Untracked 
| 122|0x000000071a600000, 0x000000071a600000, 0x000000071a700000|  0%| F|  |TAMS 0x000000071a600000, 0x000000071a600000| Untracked 
| 123|0x000000071a700000, 0x000000071a700000, 0x000000071a800000|  0%| F|  |TAMS 0x000000071a700000, 0x000000071a700000| Untracked 
| 124|0x000000071a800000, 0x000000071a800000, 0x000000071a900000|  0%| F|  |TAMS 0x000000071a800000, 0x000000071a800000| Untracked 
| 125|0x000000071a900000, 0x000000071a900000, 0x000000071aa00000|  0%| F|  |TAMS 0x000000071a900000, 0x000000071a900000| Untracked 
| 126|0x000000071aa00000, 0x000000071aa00000, 0x000000071ab00000|  0%| F|  |TAMS 0x000000071aa00000, 0x000000071aa00000| Untracked 
| 127|0x000000071ab00000, 0x000000071ab00000, 0x000000071ac00000|  0%| F|  |TAMS 0x000000071ab00000, 0x000000071ab00000| Untracked 
| 128|0x000000071ac00000, 0x000000071ac00000, 0x000000071ad00000|  0%| F|  |TAMS 0x000000071ac00000, 0x000000071ac00000| Untracked 
| 129|0x000000071ad00000, 0x000000071ad00000, 0x000000071ae00000|  0%| F|  |TAMS 0x000000071ad00000, 0x000000071ad00000| Untracked 
| 130|0x000000071ae00000, 0x000000071ae00000, 0x000000071af00000|  0%| F|  |TAMS 0x000000071ae00000, 0x000000071ae00000| Untracked 
| 131|0x000000071af00000, 0x000000071af00000, 0x000000071b000000|  0%| F|  |TAMS 0x000000071af00000, 0x000000071af00000| Untracked 
| 132|0x000000071b000000, 0x000000071b000000, 0x000000071b100000|  0%| F|  |TAMS 0x000000071b000000, 0x000000071b000000| Untracked 
| 133|0x000000071b100000, 0x000000071b100000, 0x000000071b200000|  0%| F|  |TAMS 0x000000071b100000, 0x000000071b100000| Untracked 
| 134|0x000000071b200000, 0x000000071b200000, 0x000000071b300000|  0%| F|  |TAMS 0x000000071b200000, 0x000000071b200000| Untracked 
| 135|0x000000071b300000, 0x000000071b300000, 0x000000071b400000|  0%| F|  |TAMS 0x000000071b300000, 0x000000071b300000| Untracked 
| 136|0x000000071b400000, 0x000000071b400000, 0x000000071b500000|  0%| F|  |TAMS 0x000000071b400000, 0x000000071b400000| Untracked 
| 137|0x000000071b500000, 0x000000071b500000, 0x000000071b600000|  0%| F|  |TAMS 0x000000071b500000, 0x000000071b500000| Untracked 
| 138|0x000000071b600000, 0x000000071b600000, 0x000000071b700000|  0%| F|  |TAMS 0x000000071b600000, 0x000000071b600000| Untracked 
| 139|0x000000071b700000, 0x000000071b700000, 0x000000071b800000|  0%| F|  |TAMS 0x000000071b700000, 0x000000071b700000| Untracked 
| 140|0x000000071b800000, 0x000000071b800000, 0x000000071b900000|  0%| F|  |TAMS 0x000000071b800000, 0x000000071b800000| Untracked 
| 141|0x000000071b900000, 0x000000071b900000, 0x000000071ba00000|  0%| F|  |TAMS 0x000000071b900000, 0x000000071b900000| Untracked 
| 142|0x000000071ba00000, 0x000000071ba00000, 0x000000071bb00000|  0%| F|  |TAMS 0x000000071ba00000, 0x000000071ba00000| Untracked 
| 143|0x000000071bb00000, 0x000000071bb00000, 0x000000071bc00000|  0%| F|  |TAMS 0x000000071bb00000, 0x000000071bb00000| Untracked 
| 144|0x000000071bc00000, 0x000000071bc00000, 0x000000071bd00000|  0%| F|  |TAMS 0x000000071bc00000, 0x000000071bc00000| Untracked 
| 145|0x000000071bd00000, 0x000000071bd00000, 0x000000071be00000|  0%| F|  |TAMS 0x000000071bd00000, 0x000000071bd00000| Untracked 
| 146|0x000000071be00000, 0x000000071be00000, 0x000000071bf00000|  0%| F|  |TAMS 0x000000071be00000, 0x000000071be00000| Untracked 
| 147|0x000000071bf00000, 0x000000071bf00000, 0x000000071c000000|  0%| F|  |TAMS 0x000000071bf00000, 0x000000071bf00000| Untracked 
| 148|0x000000071c000000, 0x000000071c000000, 0x000000071c100000|  0%| F|  |TAMS 0x000000071c000000, 0x000000071c000000| Untracked 
| 149|0x000000071c100000, 0x000000071c100000, 0x000000071c200000|  0%| F|  |TAMS 0x000000071c100000, 0x000000071c100000| Untracked 
| 150|0x000000071c200000, 0x000000071c200000, 0x000000071c300000|  0%| F|  |TAMS 0x000000071c200000, 0x000000071c200000| Untracked 
| 151|0x000000071c300000, 0x000000071c300000, 0x000000071c400000|  0%| F|  |TAMS 0x000000071c300000, 0x000000071c300000| Untracked 
| 152|0x000000071c400000, 0x000000071c400000, 0x000000071c500000|  0%| F|  |TAMS 0x000000071c400000, 0x000000071c400000| Untracked 
| 153|0x000000071c500000, 0x000000071c500000, 0x000000071c600000|  0%| F|  |TAMS 0x000000071c500000, 0x000000071c500000| Untracked 
| 154|0x000000071c600000, 0x000000071c600000, 0x000000071c700000|  0%| F|  |TAMS 0x000000071c600000, 0x000000071c600000| Untracked 
| 155|0x000000071c700000, 0x000000071c700000, 0x000000071c800000|  0%| F|  |TAMS 0x000000071c700000, 0x000000071c700000| Untracked 
| 156|0x000000071c800000, 0x000000071c800000, 0x000000071c900000|  0%| F|  |TAMS 0x000000071c800000, 0x000000071c800000| Untracked 
| 157|0x000000071c900000, 0x000000071c900000, 0x000000071ca00000|  0%| F|  |TAMS 0x000000071c900000, 0x000000071c900000| Untracked 
| 158|0x000000071ca00000, 0x000000071ca00000, 0x000000071cb00000|  0%| F|  |TAMS 0x000000071ca00000, 0x000000071ca00000| Untracked 
| 159|0x000000071cb00000, 0x000000071cb00000, 0x000000071cc00000|  0%| F|  |TAMS 0x000000071cb00000, 0x000000071cb00000| Untracked 
| 160|0x000000071cc00000, 0x000000071cc00000, 0x000000071cd00000|  0%| F|  |TAMS 0x000000071cc00000, 0x000000071cc00000| Untracked 
| 161|0x000000071cd00000, 0x000000071cd00000, 0x000000071ce00000|  0%| F|  |TAMS 0x000000071cd00000, 0x000000071cd00000| Untracked 
| 162|0x000000071ce00000, 0x000000071ce00000, 0x000000071cf00000|  0%| F|  |TAMS 0x000000071ce00000, 0x000000071ce00000| Untracked 
| 163|0x000000071cf00000, 0x000000071cf00000, 0x000000071d000000|  0%| F|  |TAMS 0x000000071cf00000, 0x000000071cf00000| Untracked 
| 164|0x000000071d000000, 0x000000071d000000, 0x000000071d100000|  0%| F|  |TAMS 0x000000071d000000, 0x000000071d000000| Untracked 
| 165|0x000000071d100000, 0x000000071d100000, 0x000000071d200000|  0%| F|  |TAMS 0x000000071d100000, 0x000000071d100000| Untracked 
| 166|0x000000071d200000, 0x000000071d200000, 0x000000071d300000|  0%| F|  |TAMS 0x000000071d200000, 0x000000071d200000| Untracked 
| 167|0x000000071d300000, 0x000000071d300000, 0x000000071d400000|  0%| F|  |TAMS 0x000000071d300000, 0x000000071d300000| Untracked 
| 168|0x000000071d400000, 0x000000071d400000, 0x000000071d500000|  0%| F|  |TAMS 0x000000071d400000, 0x000000071d400000| Untracked 
| 169|0x000000071d500000, 0x000000071d500000, 0x000000071d600000|  0%| F|  |TAMS 0x000000071d500000, 0x000000071d500000| Untracked 
| 170|0x000000071d600000, 0x000000071d600000, 0x000000071d700000|  0%| F|  |TAMS 0x000000071d600000, 0x000000071d600000| Untracked 
| 171|0x000000071d700000, 0x000000071d700000, 0x000000071d800000|  0%| F|  |TAMS 0x000000071d700000, 0x000000071d700000| Untracked 
| 172|0x000000071d800000, 0x000000071d800000, 0x000000071d900000|  0%| F|  |TAMS 0x000000071d800000, 0x000000071d800000| Untracked 
| 173|0x000000071d900000, 0x000000071d900000, 0x000000071da00000|  0%| F|  |TAMS 0x000000071d900000, 0x000000071d900000| Untracked 
| 174|0x000000071da00000, 0x000000071da00000, 0x000000071db00000|  0%| F|  |TAMS 0x000000071da00000, 0x000000071da00000| Untracked 
| 175|0x000000071db00000, 0x000000071db00000, 0x000000071dc00000|  0%| F|  |TAMS 0x000000071db00000, 0x000000071db00000| Untracked 
| 176|0x000000071dc00000, 0x000000071dc00000, 0x000000071dd00000|  0%| F|  |TAMS 0x000000071dc00000, 0x000000071dc00000| Untracked 
| 177|0x000000071dd00000, 0x000000071dd00000, 0x000000071de00000|  0%| F|  |TAMS 0x000000071dd00000, 0x000000071dd00000| Untracked 
| 178|0x000000071de00000, 0x000000071de00000, 0x000000071df00000|  0%| F|  |TAMS 0x000000071de00000, 0x000000071de00000| Untracked 
| 179|0x000000071df00000, 0x000000071df00000, 0x000000071e000000|  0%| F|  |TAMS 0x000000071df00000, 0x000000071df00000| Untracked 
| 180|0x000000071e000000, 0x000000071e000000, 0x000000071e100000|  0%| F|  |TAMS 0x000000071e000000, 0x000000071e000000| Untracked 
| 181|0x000000071e100000, 0x000000071e100000, 0x000000071e200000|  0%| F|  |TAMS 0x000000071e100000, 0x000000071e100000| Untracked 
| 182|0x000000071e200000, 0x000000071e200000, 0x000000071e300000|  0%| F|  |TAMS 0x000000071e200000, 0x000000071e200000| Untracked 
| 183|0x000000071e300000, 0x000000071e300000, 0x000000071e400000|  0%| F|  |TAMS 0x000000071e300000, 0x000000071e300000| Untracked 
| 184|0x000000071e400000, 0x000000071e400000, 0x000000071e500000|  0%| F|  |TAMS 0x000000071e400000, 0x000000071e400000| Untracked 
| 185|0x000000071e500000, 0x000000071e500000, 0x000000071e600000|  0%| F|  |TAMS 0x000000071e500000, 0x000000071e500000| Untracked 
| 186|0x000000071e600000, 0x000000071e600000, 0x000000071e700000|  0%| F|  |TAMS 0x000000071e600000, 0x000000071e600000| Untracked 
| 187|0x000000071e700000, 0x000000071e700000, 0x000000071e800000|  0%| F|  |TAMS 0x000000071e700000, 0x000000071e700000| Untracked 
| 188|0x000000071e800000, 0x000000071e800000, 0x000000071e900000|  0%| F|  |TAMS 0x000000071e800000, 0x000000071e800000| Untracked 
| 189|0x000000071e900000, 0x000000071e900000, 0x000000071ea00000|  0%| F|  |TAMS 0x000000071e900000, 0x000000071e900000| Untracked 
| 190|0x000000071ea00000, 0x000000071ea00000, 0x000000071eb00000|  0%| F|  |TAMS 0x000000071ea00000, 0x000000071ea00000| Untracked 
| 191|0x000000071eb00000, 0x000000071eb00000, 0x000000071ec00000|  0%| F|  |TAMS 0x000000071eb00000, 0x000000071eb00000| Untracked 
| 192|0x000000071ec00000, 0x000000071ec00000, 0x000000071ed00000|  0%| F|  |TAMS 0x000000071ec00000, 0x000000071ec00000| Untracked 
| 193|0x000000071ed00000, 0x000000071ed00000, 0x000000071ee00000|  0%| F|  |TAMS 0x000000071ed00000, 0x000000071ed00000| Untracked 
| 194|0x000000071ee00000, 0x000000071ee00000, 0x000000071ef00000|  0%| F|  |TAMS 0x000000071ee00000, 0x000000071ee00000| Untracked 
| 195|0x000000071ef00000, 0x000000071ef00000, 0x000000071f000000|  0%| F|  |TAMS 0x000000071ef00000, 0x000000071ef00000| Untracked 
| 196|0x000000071f000000, 0x000000071f000000, 0x000000071f100000|  0%| F|  |TAMS 0x000000071f000000, 0x000000071f000000| Untracked 
| 197|0x000000071f100000, 0x000000071f100000, 0x000000071f200000|  0%| F|  |TAMS 0x000000071f100000, 0x000000071f100000| Untracked 
| 198|0x000000071f200000, 0x000000071f200000, 0x000000071f300000|  0%| F|  |TAMS 0x000000071f200000, 0x000000071f200000| Untracked 
| 199|0x000000071f300000, 0x000000071f300000, 0x000000071f400000|  0%| F|  |TAMS 0x000000071f300000, 0x000000071f300000| Untracked 
| 200|0x000000071f400000, 0x000000071f400000, 0x000000071f500000|  0%| F|  |TAMS 0x000000071f400000, 0x000000071f400000| Untracked 
| 201|0x000000071f500000, 0x000000071f500000, 0x000000071f600000|  0%| F|  |TAMS 0x000000071f500000, 0x000000071f500000| Untracked 
| 202|0x000000071f600000, 0x000000071f600000, 0x000000071f700000|  0%| F|  |TAMS 0x000000071f600000, 0x000000071f600000| Untracked 
| 203|0x000000071f700000, 0x000000071f700000, 0x000000071f800000|  0%| F|  |TAMS 0x000000071f700000, 0x000000071f700000| Untracked 
| 204|0x000000071f800000, 0x000000071f800000, 0x000000071f900000|  0%| F|  |TAMS 0x000000071f800000, 0x000000071f800000| Untracked 
| 205|0x000000071f900000, 0x000000071f900000, 0x000000071fa00000|  0%| F|  |TAMS 0x000000071f900000, 0x000000071f900000| Untracked 
| 206|0x000000071fa00000, 0x000000071fa00000, 0x000000071fb00000|  0%| F|  |TAMS 0x000000071fa00000, 0x000000071fa00000| Untracked 
| 207|0x000000071fb00000, 0x000000071fb00000, 0x000000071fc00000|  0%| F|  |TAMS 0x000000071fb00000, 0x000000071fb00000| Untracked 
| 208|0x000000071fc00000, 0x000000071fc00000, 0x000000071fd00000|  0%| F|  |TAMS 0x000000071fc00000, 0x000000071fc00000| Untracked 
| 209|0x000000071fd00000, 0x000000071fd00000, 0x000000071fe00000|  0%| F|  |TAMS 0x000000071fd00000, 0x000000071fd00000| Untracked 
| 210|0x000000071fe00000, 0x000000071fe00000, 0x000000071ff00000|  0%| F|  |TAMS 0x000000071fe00000, 0x000000071fe00000| Untracked 
| 211|0x000000071ff00000, 0x000000071ff00000, 0x0000000720000000|  0%| F|  |TAMS 0x000000071ff00000, 0x000000071ff00000| Untracked 
| 212|0x0000000720000000, 0x0000000720000000, 0x0000000720100000|  0%| F|  |TAMS 0x0000000720000000, 0x0000000720000000| Untracked 
| 213|0x0000000720100000, 0x0000000720100000, 0x0000000720200000|  0%| F|  |TAMS 0x0000000720100000, 0x0000000720100000| Untracked 
| 214|0x0000000720200000, 0x0000000720200000, 0x0000000720300000|  0%| F|  |TAMS 0x0000000720200000, 0x0000000720200000| Untracked 
| 215|0x0000000720300000, 0x0000000720300000, 0x0000000720400000|  0%| F|  |TAMS 0x0000000720300000, 0x0000000720300000| Untracked 
| 216|0x0000000720400000, 0x0000000720400000, 0x0000000720500000|  0%| F|  |TAMS 0x0000000720400000, 0x0000000720400000| Untracked 
| 217|0x0000000720500000, 0x0000000720500000, 0x0000000720600000|  0%| F|  |TAMS 0x0000000720500000, 0x0000000720500000| Untracked 
| 218|0x0000000720600000, 0x0000000720600000, 0x0000000720700000|  0%| F|  |TAMS 0x0000000720600000, 0x0000000720600000| Untracked 
| 219|0x0000000720700000, 0x0000000720700000, 0x0000000720800000|  0%| F|  |TAMS 0x0000000720700000, 0x0000000720700000| Untracked 
| 220|0x0000000720800000, 0x0000000720900000, 0x0000000720900000|100%| E|  |TAMS 0x0000000720800000, 0x0000000720800000| Complete 
| 221|0x0000000720900000, 0x0000000720a00000, 0x0000000720a00000|100%| E|CS|TAMS 0x0000000720900000, 0x0000000720900000| Complete 
| 222|0x0000000720a00000, 0x0000000720b00000, 0x0000000720b00000|100%| E|  |TAMS 0x0000000720a00000, 0x0000000720a00000| Complete 
| 223|0x0000000720b00000, 0x0000000720c00000, 0x0000000720c00000|100%| E|CS|TAMS 0x0000000720b00000, 0x0000000720b00000| Complete 
| 224|0x0000000720c00000, 0x0000000720d00000, 0x0000000720d00000|100%| E|CS|TAMS 0x0000000720c00000, 0x0000000720c00000| Complete 
| 225|0x0000000720d00000, 0x0000000720e00000, 0x0000000720e00000|100%| E|CS|TAMS 0x0000000720d00000, 0x0000000720d00000| Complete 
| 226|0x0000000720e00000, 0x0000000720f00000, 0x0000000720f00000|100%| E|CS|TAMS 0x0000000720e00000, 0x0000000720e00000| Complete 
| 227|0x0000000720f00000, 0x0000000721000000, 0x0000000721000000|100%| E|CS|TAMS 0x0000000720f00000, 0x0000000720f00000| Complete 
| 228|0x0000000721000000, 0x0000000721100000, 0x0000000721100000|100%| E|CS|TAMS 0x0000000721000000, 0x0000000721000000| Complete 
| 229|0x0000000721100000, 0x0000000721200000, 0x0000000721200000|100%| E|CS|TAMS 0x0000000721100000, 0x0000000721100000| Complete 
| 230|0x0000000721200000, 0x0000000721300000, 0x0000000721300000|100%| E|CS|TAMS 0x0000000721200000, 0x0000000721200000| Complete 
| 231|0x0000000721300000, 0x0000000721400000, 0x0000000721400000|100%| E|CS|TAMS 0x0000000721300000, 0x0000000721300000| Complete 
| 232|0x0000000721400000, 0x0000000721500000, 0x0000000721500000|100%| E|CS|TAMS 0x0000000721400000, 0x0000000721400000| Complete 
| 233|0x0000000721500000, 0x0000000721600000, 0x0000000721600000|100%| E|CS|TAMS 0x0000000721500000, 0x0000000721500000| Complete 
| 234|0x0000000721600000, 0x0000000721700000, 0x0000000721700000|100%| E|CS|TAMS 0x0000000721600000, 0x0000000721600000| Complete 
| 235|0x0000000721700000, 0x0000000721800000, 0x0000000721800000|100%| E|CS|TAMS 0x0000000721700000, 0x0000000721700000| Complete 
| 236|0x0000000721800000, 0x0000000721900000, 0x0000000721900000|100%| E|CS|TAMS 0x0000000721800000, 0x0000000721800000| Complete 
| 237|0x0000000721900000, 0x0000000721a00000, 0x0000000721a00000|100%| E|CS|TAMS 0x0000000721900000, 0x0000000721900000| Complete 

Card table byte_map: [0x000001c6f30b0000,0x000001c6f3820000] _byte_map_base: 0x000001c6ef81a000

Marking Bits (Prev, Next): (CMBitMap*) 0x000001c6dbd8a8b8, (CMBitMap*) 0x000001c6dbd8a8f0
 Prev Bits: [0x000001c6f3f90000, 0x000001c6f7ae0000)
 Next Bits: [0x000001c6f7ae0000, 0x000001c6fb630000)

Polling page: 0x000001c6d9ce0000

Metaspace:

Usage:
  Non-class:     12.26 MB capacity,    12.09 MB ( 99%) used,   161.00 KB (  1%) free+waste,    16.44 KB ( <1%) overhead. 
      Class:      1.01 MB capacity,   978.47 KB ( 95%) used,    46.53 KB (  5%) free+waste,     7.00 KB ( <1%) overhead. 
       Both:     13.27 MB capacity,    13.04 MB ( 98%) used,   207.53 KB (  2%) free+waste,    23.44 KB ( <1%) overhead. 

Virtual space:
  Non-class space:       14.00 MB reserved,      12.50 MB ( 89%) committed 
      Class space:        1.00 GB reserved,       1.13 MB ( <1%) committed 
             Both:        1.01 GB reserved,      13.63 MB (  1%) committed 

Chunk freelists:
   Non-Class:  14.38 KB
       Class:  0 bytes
        Both:  14.38 KB

CodeHeap 'non-profiled nmethods': size=120000Kb used=237Kb max_used=237Kb free=119763Kb
 bounds [0x000001c6eaec0000, 0x000001c6eb130000, 0x000001c6f23f0000]
CodeHeap 'profiled nmethods': size=120000Kb used=1552Kb max_used=1552Kb free=118447Kb
 bounds [0x000001c6e3990000, 0x000001c6e3c00000, 0x000001c6eaec0000]
CodeHeap 'non-nmethods': size=5760Kb used=1472Kb max_used=1484Kb free=4287Kb
 bounds [0x000001c6e33f0000, 0x000001c6e3660000, 0x000001c6e3990000]
 total_blobs=1878 nmethods=896 adapters=894
 compilation: enabled
              stopped_count=0, restarted_count=0
 full_count=0

Compilation events (10 events):
Event: 1.281 Thread 0x000001c6fecd6800  892   !   3       sun.nio.ch.NativeThreadSet::remove (50 bytes)
Event: 1.281 Thread 0x000001c6fecd6800 nmethod 892 0x000001c6e3b11b10 code [0x000001c6e3b11cc0, 0x000001c6e3b12068]
Event: 1.281 Thread 0x000001c6fecd6800  893       3       sun.nio.ch.FileChannelImpl::beginBlocking (12 bytes)
Event: 1.282 Thread 0x000001c6fecd6800 nmethod 893 0x000001c6e3b12210 code [0x000001c6e3b123c0, 0x000001c6e3b12528]
Event: 1.285 Thread 0x000001c6fecd6800  894       3       jdk.internal.jimage.ImageStringsReader::get (9 bytes)
Event: 1.285 Thread 0x000001c6fecd6800 nmethod 894 0x000001c6e3b12610 code [0x000001c6e3b127c0, 0x000001c6e3b12988]
Event: 1.285 Thread 0x000001c6fecd6800  895       3       jdk.internal.jimage.BasicImageReader::getString (48 bytes)
Event: 1.286 Thread 0x000001c6fecd6800 nmethod 895 0x000001c6e3b12a90 code [0x000001c6e3b12ce0, 0x000001c6e3b13778]
Event: 1.286 Thread 0x000001c6fecd6800  896       3       jdk.internal.jimage.ImageStringsReader::stringFromByteBuffer (28 bytes)
Event: 1.286 Thread 0x000001c6fecd6800 nmethod 896 0x000001c6e3b13b10 code [0x000001c6e3b13ce0, 0x000001c6e3b140d8]

GC Heap History (0 events):
No events

Deoptimization events (1 events):
Event: 0.114 Thread 0x000001c6dbd2f800 Uncommon trap: reason=unstable_if action=reinterpret pc=0x000001c6eaec4af4 method=java.lang.String.isLatin1()Z @ 10 c2

Classes redefined (0 events):
No events

Internal exceptions (10 events):
Event: 0.936 Thread 0x000001c6dbd2f800 Exception <a 'sun/nio/fs/WindowsException'{0x0000000721278530}> (0x0000000721278530) thrown at [./open/src/hotspot/share/prims/jni.cpp, line 611]
Event: 0.936 Thread 0x000001c6dbd2f800 Exception <a 'sun/nio/fs/WindowsException'{0x0000000721278920}> (0x0000000721278920) thrown at [./open/src/hotspot/share/prims/jni.cpp, line 611]
Event: 0.947 Thread 0x000001c6dbd2f800 Exception <a 'sun/nio/fs/WindowsException'{0x000000072128e870}> (0x000000072128e870) thrown at [./open/src/hotspot/share/prims/jni.cpp, line 611]
Event: 0.947 Thread 0x000001c6dbd2f800 Exception <a 'sun/nio/fs/WindowsException'{0x000000072128eba0}> (0x000000072128eba0) thrown at [./open/src/hotspot/share/prims/jni.cpp, line 611]
Event: 1.275 Thread 0x000001c6dbd2f800 Exception <a 'sun/nio/fs/WindowsException'{0x00000007209eb4d0}> (0x00000007209eb4d0) thrown at [./open/src/hotspot/share/prims/jni.cpp, line 611]
Event: 1.275 Thread 0x000001c6dbd2f800 Exception <a 'sun/nio/fs/WindowsException'{0x00000007209eb800}> (0x00000007209eb800) thrown at [./open/src/hotspot/share/prims/jni.cpp, line 611]
Event: 1.276 Thread 0x000001c6dbd2f800 Exception <a 'sun/nio/fs/WindowsException'{0x00000007209ec570}> (0x00000007209ec570) thrown at [./open/src/hotspot/share/prims/jni.cpp, line 611]
Event: 1.277 Thread 0x000001c6dbd2f800 Exception <a 'sun/nio/fs/WindowsException'{0x00000007209f4198}> (0x00000007209f4198) thrown at [./open/src/hotspot/share/prims/jni.cpp, line 611]
Event: 1.282 Thread 0x000001c6dbd2f800 Exception <a 'sun/nio/fs/WindowsException'{0x00000007209f7048}> (0x00000007209f7048) thrown at [./open/src/hotspot/share/prims/jni.cpp, line 611]
Event: 1.282 Thread 0x000001c6dbd2f800 Exception <a 'sun/nio/fs/WindowsException'{0x00000007209f7420}> (0x00000007209f7420) thrown at [./open/src/hotspot/share/prims/jni.cpp, line 611]

Events (10 events):
Event: 1.267 loading class Renderer/Texture
Event: 1.267 loading class Renderer/Texture done
Event: 1.270 loading class org/lwjgl/stb/STBImage
Event: 1.270 loading class org/lwjgl/stb/STBImage done
Event: 1.272 loading class org/lwjgl/stb/LibSTB
Event: 1.272 loading class org/lwjgl/stb/LibSTB done
Event: 1.276 loading class java/nio/file/FileAlreadyExistsException
Event: 1.276 loading class java/nio/file/FileAlreadyExistsException done
Event: 1.277 loading class java/nio/file/StandardCopyOption
Event: 1.277 loading class java/nio/file/StandardCopyOption done


Dynamic libraries:
0x00007ff69f9e0000 - 0x00007ff69f9ef000 	C:\Program Files\Java\jdk-11.0.17\bin\java.exe
0x00007ffafd110000 - 0x00007ffafd324000 	C:\WINDOWS\SYSTEM32\ntdll.dll
0x00007ffafb540000 - 0x00007ffafb602000 	C:\WINDOWS\System32\KERNEL32.DLL
0x00007ffafa540000 - 0x00007ffafa8e3000 	C:\WINDOWS\System32\KERNELBASE.dll
0x00007ffafad50000 - 0x00007ffafae61000 	C:\WINDOWS\System32\ucrtbase.dll
0x00007ffade740000 - 0x00007ffade758000 	C:\Program Files\Java\jdk-11.0.17\bin\jli.dll
0x00007ffac5340000 - 0x00007ffac5355000 	C:\Program Files\Java\jdk-11.0.17\bin\VCRUNTIME140.dll
0x00007ffafb7d0000 - 0x00007ffafb87e000 	C:\WINDOWS\System32\ADVAPI32.dll
0x00007ffafb420000 - 0x00007ffafb4c7000 	C:\WINDOWS\System32\msvcrt.dll
0x00007ffafbfa0000 - 0x00007ffafc044000 	C:\WINDOWS\System32\sechost.dll
0x00007ffafc1c0000 - 0x00007ffafc2d7000 	C:\WINDOWS\System32\RPCRT4.dll
0x00007ffafbd10000 - 0x00007ffafbeba000 	C:\WINDOWS\System32\USER32.dll
0x00007ffafa510000 - 0x00007ffafa536000 	C:\WINDOWS\System32\win32u.dll
0x00007ffafd090000 - 0x00007ffafd0b9000 	C:\WINDOWS\System32\GDI32.dll
0x00007ffae8380000 - 0x00007ffae860e000 	C:\WINDOWS\WinSxS\amd64_microsoft.windows.common-controls_6595b64144ccf1df_6.0.22621.1635_none_270f70857386168e\COMCTL32.dll
0x00007ffafaa20000 - 0x00007ffafab39000 	C:\WINDOWS\System32\gdi32full.dll
0x00007ffafab40000 - 0x00007ffafabda000 	C:\WINDOWS\System32\msvcp_win.dll
0x00007ffaf0000000 - 0x00007ffaf000a000 	C:\WINDOWS\SYSTEM32\VERSION.dll
0x00007ffafb0a0000 - 0x00007ffafb0d1000 	C:\WINDOWS\System32\IMM32.DLL
0x00007ffac52a0000 - 0x00007ffac533b000 	C:\Program Files\Java\jdk-11.0.17\bin\msvcp140.dll
0x00007ffaa3a00000 - 0x00007ffaa451a000 	C:\Program Files\Java\jdk-11.0.17\bin\server\jvm.dll
0x00007ffafd0c0000 - 0x00007ffafd0c8000 	C:\WINDOWS\System32\PSAPI.DLL
0x00007ffaf2cc0000 - 0x00007ffaf2cf4000 	C:\WINDOWS\SYSTEM32\WINMM.dll
0x00007ffae9be0000 - 0x00007ffae9be9000 	C:\WINDOWS\SYSTEM32\WSOCK32.dll
0x00007ffafc140000 - 0x00007ffafc1b1000 	C:\WINDOWS\System32\WS2_32.dll
0x00007ffaf9550000 - 0x00007ffaf9568000 	C:\WINDOWS\SYSTEM32\kernel.appcore.dll
0x00007ffaf44d0000 - 0x00007ffaf44e0000 	C:\Program Files\Java\jdk-11.0.17\bin\verify.dll
0x00007ffaf0640000 - 0x00007ffaf086e000 	C:\WINDOWS\SYSTEM32\DBGHELP.DLL
0x00007ffafcd00000 - 0x00007ffafd089000 	C:\WINDOWS\System32\combase.dll
0x00007ffafbec0000 - 0x00007ffafbf97000 	C:\WINDOWS\System32\OLEAUT32.dll
0x00007ffae8230000 - 0x00007ffae8262000 	C:\WINDOWS\SYSTEM32\dbgcore.DLL
0x00007ffafae70000 - 0x00007ffafaeea000 	C:\WINDOWS\System32\bcryptPrimitives.dll
0x00007ffac4fa0000 - 0x00007ffac4fc8000 	C:\Program Files\Java\jdk-11.0.17\bin\java.dll
0x00007ffae9d10000 - 0x00007ffae9d1a000 	C:\Program Files\Java\jdk-11.0.17\bin\jimage.dll
0x00007ffaf7540000 - 0x00007ffaf754e000 	C:\Program Files\Java\jdk-11.0.17\bin\instrument.dll
0x00007ffac4f80000 - 0x00007ffac4f96000 	C:\Program Files\Java\jdk-11.0.17\bin\zip.dll
0x00007ffafc500000 - 0x00007ffafccf9000 	C:\WINDOWS\System32\SHELL32.dll
0x00007ffaf8500000 - 0x00007ffaf8dce000 	C:\WINDOWS\SYSTEM32\windows.storage.dll
0x00007ffaf83c0000 - 0x00007ffaf84fe000 	C:\WINDOWS\SYSTEM32\wintypes.dll
0x00007ffafb0e0000 - 0x00007ffafb1d1000 	C:\WINDOWS\System32\SHCORE.dll
0x00007ffafb3c0000 - 0x00007ffafb41e000 	C:\WINDOWS\System32\shlwapi.dll
0x00007ffafa440000 - 0x00007ffafa466000 	C:\WINDOWS\SYSTEM32\profapi.dll
0x00007ffac4f30000 - 0x00007ffac4f49000 	C:\Program Files\Java\jdk-11.0.17\bin\net.dll
0x00007ffaf21b0000 - 0x00007ffaf22e7000 	C:\WINDOWS\SYSTEM32\WINHTTP.dll
0x00007ffadb630000 - 0x00007ffadb6ad000 	C:\WINDOWS\system32\pluckeye.dll
0x00007ffaf9c50000 - 0x00007ffaf9c5c000 	C:\WINDOWS\SYSTEM32\CRYPTBASE.DLL
0x00007ffaf99d0000 - 0x00007ffaf9a39000 	C:\WINDOWS\system32\mswsock.dll
0x00007ffac4f10000 - 0x00007ffac4f22000 	C:\Program Files\Java\jdk-11.0.17\bin\nio.dll
0x00007ffaf5bf0000 - 0x00007ffaf5c0a000 	C:\Program Files\JetBrains\IntelliJ IDEA 2023.1\bin\breakgen64.dll
0x00007ffae2280000 - 0x00007ffae22e4000 	C:\Users\Ange-Emmanuel K\AppData\Local\Temp\lwjglAnge-Emmanuel K\3.2.3-build-13\lwjgl.dll
0x00007ffae2210000 - 0x00007ffae2272000 	C:\Users\ANGE-E~1\AppData\Local\Temp\lwjglAnge-Emmanuel K\3.2.3-build-13\glfw.dll
0x00007ffaf7ae0000 - 0x00007ffaf7b8b000 	C:\WINDOWS\system32\uxtheme.dll
0x00007ffae21c0000 - 0x00007ffae2206000 	C:\WINDOWS\SYSTEM32\dinput8.dll
0x00007ffaf4d10000 - 0x00007ffaf4d21000 	C:\WINDOWS\SYSTEM32\xinput1_4.dll
0x00007ffafa1b0000 - 0x00007ffafa1fe000 	C:\WINDOWS\SYSTEM32\cfgmgr32.dll
0x00007ffafa180000 - 0x00007ffafa1ac000 	C:\WINDOWS\SYSTEM32\DEVOBJ.dll
0x00007ffaf7d60000 - 0x00007ffaf7d8b000 	C:\WINDOWS\SYSTEM32\dwmapi.dll
0x00007ffaecac0000 - 0x00007ffaeccc1000 	C:\WINDOWS\SYSTEM32\inputhost.dll
0x00007ffaf7550000 - 0x00007ffaf7683000 	C:\WINDOWS\SYSTEM32\CoreMessaging.dll
0x00007ffafb290000 - 0x00007ffafb3b7000 	C:\WINDOWS\System32\MSCTF.dll
0x00007ffaf8dd0000 - 0x00007ffaf8dde000 	C:\WINDOWS\SYSTEM32\HID.DLL
0x00007ffafb890000 - 0x00007ffafbd04000 	C:\WINDOWS\System32\SETUPAPI.DLL
0x00007ffafa8f0000 - 0x00007ffafa95b000 	C:\WINDOWS\System32\WINTRUST.dll
0x00007ffafabe0000 - 0x00007ffafad47000 	C:\WINDOWS\System32\CRYPT32.dll
0x00007ffaf9c90000 - 0x00007ffaf9ca2000 	C:\WINDOWS\SYSTEM32\MSASN1.dll
0x00007ffab8fd0000 - 0x00007ffab90d0000 	C:\WINDOWS\SYSTEM32\opengl32.dll
0x00007ffab87f0000 - 0x00007ffab881d000 	C:\WINDOWS\SYSTEM32\GLU32.dll
0x00007ffaf7bf0000 - 0x00007ffaf7c28000 	C:\WINDOWS\SYSTEM32\dxcore.dll
0x00007ffaf3d70000 - 0x00007ffaf3db8000 	C:\WINDOWS\SYSTEM32\directxdatabasehelper.dll
0x00007ffafb1e0000 - 0x00007ffafb290000 	C:\WINDOWS\System32\clbcatq.dll
0x00007ffadf970000 - 0x00007ffadf99c000 	C:\WINDOWS\System32\DriverStore\FileRepository\u0381956.inf_amd64_daa7e2b35887d534\B381180\atig6pxx.dll
0x00007ffa96b90000 - 0x00007ffa999f0000 	C:\WINDOWS\System32\DriverStore\FileRepository\u0381956.inf_amd64_daa7e2b35887d534\B381180\atio6axx.dll
0x00007ffafc300000 - 0x00007ffafc49c000 	C:\WINDOWS\System32\ole32.dll
0x00007ffac1930000 - 0x00007ffac1955000 	C:\WINDOWS\SYSTEM32\dxva2.dll
0x00007ffad0ce0000 - 0x00007ffad0d1f000 	C:\WINDOWS\System32\DriverStore\FileRepository\u0381956.inf_amd64_daa7e2b35887d534\B381180\atig6txx.dll
0x00007ffaa2060000 - 0x00007ffaa2263000 	C:\WINDOWS\SYSTEM32\atiadlxx.dll
0x00007ffaf5410000 - 0x00007ffaf5510000 	C:\WINDOWS\SYSTEM32\PROPSYS.dll
0x00007ffaf1780000 - 0x00007ffaf17d0000 	C:\WINDOWS\SYSTEM32\pdh.dll
0x00007ffaf1430000 - 0x00007ffaf155d000 	C:\WINDOWS\SYSTEM32\textinputframework.dll
0x00007ffaf3050000 - 0x00007ffaf33bc000 	C:\WINDOWS\SYSTEM32\CoreUIComponents.dll
0x00007ffae2100000 - 0x00007ffae2159000 	C:\Users\Ange-Emmanuel K\AppData\Local\Temp\lwjglAnge-Emmanuel K\3.2.3-build-13\lwjgl_opengl.dll
0x00007ffae2080000 - 0x00007ffae20f7000 	C:\Users\Ange-Emmanuel K\AppData\Local\Temp\lwjglAnge-Emmanuel K\3.2.3-build-13\lwjgl_stb.dll

dbghelp: loaded successfully - version: 4.0.5 - missing functions: none
symbol engine: initialized successfully - sym options: 0x614 - pdb path: .;C:\Program Files\Java\jdk-11.0.17\bin;C:\WINDOWS\SYSTEM32;C:\WINDOWS\WinSxS\amd64_microsoft.windows.common-controls_6595b64144ccf1df_6.0.22621.1635_none_270f70857386168e;C:\Program Files\Java\jdk-11.0.17\bin\server;C:\Program Files\JetBrains\IntelliJ IDEA 2023.1\bin;C:\Users\Ange-Emmanuel K\AppData\Local\Temp\lwjglAnge-Emmanuel K\3.2.3-build-13;C:\Users\ANGE-E~1\AppData\Local\Temp\lwjglAnge-Emmanuel K\3.2.3-build-13;C:\WINDOWS\System32\DriverStore\FileRepository\u0381956.inf_amd64_daa7e2b35887d534\B381180

VM Arguments:
jvm_args: -ea -javaagent:C:\Program Files\JetBrains\IntelliJ IDEA 2023.1\lib\idea_rt.jar=50205:C:\Program Files\JetBrains\IntelliJ IDEA 2023.1\bin -Dfile.encoding=UTF-8 
java_command: Main
java_class_path (initial): C:\Users\Ange-Emmanuel K\Documents\Library Of Babel\OracleGameEngine\target\classes;C:\Users\Ange-Emmanuel K\.m2\repository\org\lwjgl\lwjgl\3.2.3\lwjgl-3.2.3.jar;C:\Users\Ange-Emmanuel K\.m2\repository\org\lwjgl\lwjgl-assimp\3.2.3\lwjgl-assimp-3.2.3.jar;C:\Users\Ange-Emmanuel K\.m2\repository\org\lwjgl\lwjgl-glfw\3.2.3\lwjgl-glfw-3.2.3.jar;C:\Users\Ange-Emmanuel K\.m2\repository\org\lwjgl\lwjgl-nfd\3.2.3\lwjgl-nfd-3.2.3.jar;C:\Users\Ange-Emmanuel K\.m2\repository\org\lwjgl\lwjgl-openal\3.2.3\lwjgl-openal-3.2.3.jar;C:\Users\Ange-Emmanuel K\.m2\repository\org\lwjgl\lwjgl-opengl\3.2.3\lwjgl-opengl-3.2.3.jar;C:\Users\Ange-Emmanuel K\.m2\repository\org\lwjgl\lwjgl-stb\3.2.3\lwjgl-stb-3.2.3.jar;C:\Users\Ange-Emmanuel K\.m2\repository\org\lwjgl\lwjgl\3.2.3\lwjgl-3.2.3-natives-windows.jar;C:\Users\Ange-Emmanuel K\.m2\repository\org\lwjgl\lwjgl-assimp\3.2.3\lwjgl-assimp-3.2.3-natives-windows.jar;C:\Users\Ange-Emmanuel K\.m2\repository\org\lwjgl\lwjgl-glfw\3.2.3\lwjgl-glfw-3.2.3-natives-windows.jar;C:\Users\Ange-Emmanuel K\.m2\repository\org\lwjgl\lwjgl-nfd\3.2.3\lwjgl-nfd-3.2.3-natives-windows.jar;C:\Users\Ange-Emmanuel K\.m2\repository\org\lwjgl\lwjgl-openal\3.2.3\lwjgl-openal-3.2.3-natives-windows.jar;C:\Users\Ange-Emmanuel K\.m2\repository\org\lwjgl\lwjgl-opengl\3.2.3\lwjgl-opengl-3.2.3-natives-windows.jar;C:\Users\Ange-Emmanuel K\.m2\repository\org\lwjgl\lwjgl-stb\3.2.3\lwjgl-stb-3.2.3-natives-windows.jar;C:\Users\Ange-Emmanuel K\.m2\repository\org\joml\joml\1.10.5\joml-1.10.5.jar
Launcher Type: SUN_STANDARD

[Global flags]
     intx CICompilerCount                          = 4                                         {product} {ergonomic}
     uint ConcGCThreads                            = 3                                         {product} {ergonomic}
     uint G1ConcRefinementThreads                  = 10                                        {product} {ergonomic}
   size_t G1HeapRegionSize                         = 1048576                                   {product} {ergonomic}
    uintx GCDrainStackTargetSize                   = 64                                        {product} {ergonomic}
   size_t InitialHeapSize                          = 249561088                                 {product} {ergonomic}
   size_t MarkStackSize                            = 4194304                                   {product} {ergonomic}
   size_t MaxHeapSize                              = 3980394496                                {product} {ergonomic}
   size_t MaxNewSize                               = 2387607552                                {product} {ergonomic}
   size_t MinHeapDeltaBytes                        = 1048576                                   {product} {ergonomic}
    uintx NonNMethodCodeHeapSize                   = 5836300                                {pd product} {ergonomic}
    uintx NonProfiledCodeHeapSize                  = 122910970                              {pd product} {ergonomic}
    uintx ProfiledCodeHeapSize                     = 122910970                              {pd product} {ergonomic}
    uintx ReservedCodeCacheSize                    = 251658240                              {pd product} {ergonomic}
     bool SegmentedCodeCache                       = true                                      {product} {ergonomic}
     bool UseCompressedClassPointers               = true                                 {lp64_product} {ergonomic}
     bool UseCompressedOops                        = true                                 {lp64_product} {ergonomic}
     bool UseG1GC                                  = true                                      {product} {ergonomic}
     bool UseLargePagesIndividualAllocation        = false                                  {pd product} {ergonomic}

Logging:
Log output configuration:
 #0: stdout all=warning uptime,level,tags
 #1: stderr all=off uptime,level,tags

Environment Variables:
CLASSPATH=%CLASSPATH%;%JUNIT_HOME%\junit.jar;.;;C:\javalibs\junit-4.13.jar\junit.jar;.;;C:\javalibs\junit-4.13.jar\junit.jar;.;
PATH=C:\Program Files\Common Files\Oracle\Java\javapath;C:\Program Files (x86)\Common Files\Intel\Shared Libraries\redist\intel64\compiler;C:\WINDOWS\system32;C:\WINDOWS;C:\WINDOWS\System32\Wbem;C:\WINDOWS\System32\WindowsPowerShell\v1.0\;C:\WINDOWS\System32\OpenSSH\;C:\Program Files\dotnet\;C:\ProgramData\chocolatey\bin;C:\Program Files\Git\cmd;C:\Program Files\LLVM\bin;C:\Program Files\Cloudflare\Cloudflare WARP\;C:\Users\Ange-Emmanuel K\AppData\Local\Microsoft\WindowsApps;C:\Users\Ange-Emmanuel K\AppData\Local\Programs\Microsoft VS Code\bin;C:\altera\13.1\modelsim_ase\win32aloem;C:\ProgramData\Ange-Emmanuel K\GitHubDesktop\bin;C:\Program Files\JetBrains\IntelliJ IDEA 2023.1\bin;;
USERNAME=Ange-Emmanuel K
OS=Windows_NT
PROCESSOR_IDENTIFIER=AMD64 Family 23 Model 104 Stepping 1, AuthenticAMD



---------------  S Y S T E M  ---------------

OS: Windows 11 , 64 bit Build 22621 (10.0.22621.1928)

CPU:total 12 (initial active 12) (12 cores per cpu, 2 threads per core) family 23 model 104 stepping 1 microcode 0x0, cmov, cx8, fxsr, mmx, sse, sse2, sse3, ssse3, sse4.1, sse4.2, popcnt, avx, avx2, aes, clmul, mmxext, 3dnowpref, lzcnt, sse4a, ht, tsc, tscinvbit, tscinv, bmi1, bmi2, adx,

Memory: 4k page, system-wide physical 15178M (7482M free)
TotalPageFile size 22858M (AvailPageFile size 12158M)
current process WorkingSet (physical memory assigned to process): 134M, peak: 134M
current process commit charge ("private bytes"): 450M, peak: 450M

vm_info: Java HotSpot(TM) 64-Bit Server VM (11.0.17+10-LTS-269) for windows-amd64 JRE (11.0.17+10-LTS-269), built on Sep 13 2022 19:26:37 by "mach5one" with MS VC++ 15.9 (VS2017)

END.
